Build started 2/8/2020 9:06:37 PM.
     1>Project "C:\Users\PUG1SZH\Documents\Visual Studio 2015\Projects\ConsoleApplication1\vector\vector.vcxproj" on node 2 (Build target(s)).
     1>InitializeBuildStatus:
         Creating "Release\vector.tlog\unsuccessfulbuild" because "AlwaysCreate" was specified.
       ClCompile:
         All outputs are up-to-date.
         C:\Program Files (x86)\Microsoft Visual Studio 14.0\VC\bin\CL.exe /c /Zi /nologo /W3 /WX- /sdl /O2 /Oi /Oy- /GL /D WIN32 /D NDEBUG /D _CONSOLE /D _UNICODE /D UNICODE /Gm- /EHsc /MD /GS /Gy /fp:precise /Zc:wchar_t /Zc:forScope /Zc:inline /Yu"stdafx.h" /Fp"Release\vector.pch" /Fo"Release\\" /Fd"Release\vc140.pdb" /Gd /TP /analyze- /errorReport:prompt vector.cpp
         vector.cpp
     1>vector.cpp(17): warning C4018: '<': signed/unsigned mismatch
       Link:
         C:\Program Files (x86)\Microsoft Visual Studio 14.0\VC\bin\link.exe /ERRORREPORT:PROMPT /OUT:"C:\Users\PUG1SZH\Documents\Visual Studio 2015\Projects\ConsoleApplication1\Release\vector.exe" /INCREMENTAL:NO /NOLOGO kernel32.lib user32.lib gdi32.lib winspool.lib comdlg32.lib advapi32.lib shell32.lib ole32.lib oleaut32.lib uuid.lib odbc32.lib odbccp32.lib /MANIFEST /MANIFESTUAC:"level='asInvoker' uiAccess='false'" /manifest:embed /DEBUG /PDB:"C:\Users\PUG1SZH\Documents\Visual Studio 2015\Projects\ConsoleApplication1\Release\vector.pdb" /SUBSYSTEM:CONSOLE /OPT:REF /OPT:ICF /LTCG:incremental /TLBID:1 /DYNAMICBASE /NXCOMPAT /IMPLIB:"C:\Users\PUG1SZH\Documents\Visual Studio 2015\Projects\ConsoleApplication1\Release\vector.lib" /MACHINE:X86 /SAFESEH Release\stdafx.obj
         Release\vector.obj
         Generating code
         6 of 125 functions ( 4.8%) were compiled, the rest were copied from previous compilation.
           2 functions were new in current compilation
           9 functions had inline decision re-evaluated but remain unchanged
         Finished generating code
         vector.vcxproj -> C:\Users\PUG1SZH\Documents\Visual Studio 2015\Projects\ConsoleApplication1\Release\vector.exe
         vector.vcxproj -> C:\Users\PUG1SZH\Documents\Visual Studio 2015\Projects\ConsoleApplication1\Release\vector.pdb (Full PDB)
       FinalizeBuildStatus:
         Deleting file "Release\vector.tlog\unsuccessfulbuild".
         Touching "Release\vector.tlog\vector.lastbuildstate".
     1>Done Building Project "C:\Users\PUG1SZH\Documents\Visual Studio 2015\Projects\ConsoleApplication1\vector\vector.vcxproj" (Build target(s)).

Build succeeded.

Time Elapsed 00:00:00.78
