Build started 2/8/2020 8:56:34 PM.
     1>Project "C:\Users\PUG1SZH\Documents\Visual Studio 2015\Projects\ConsoleApplication1\pointer\pointer.vcxproj" on node 2 (Build target(s)).
     1>InitializeBuildStatus:
         Creating "Release\pointer.tlog\unsuccessfulbuild" because "AlwaysCreate" was specified.
       ClCompile:
         All outputs are up-to-date.
         C:\Program Files (x86)\Microsoft Visual Studio 14.0\VC\bin\CL.exe /c /Zi /nologo /W3 /WX- /sdl /O2 /Oi /Oy- /GL /D WIN32 /D NDEBUG /D _CONSOLE /D _UNICODE /D UNICODE /Gm- /EHsc /MD /GS /Gy /fp:precise /Zc:wchar_t /Zc:forScope /Zc:inline /Yu"stdafx.h" /Fp"Release\pointer.pch" /Fo"Release\\" /Fd"Release\vc140.pdb" /Gd /TP /analyze- /errorReport:prompt pointer.cpp
         pointer.cpp
       Link:
         C:\Program Files (x86)\Microsoft Visual Studio 14.0\VC\bin\link.exe /ERRORREPORT:PROMPT /OUT:"C:\Users\PUG1SZH\Documents\Visual Studio 2015\Projects\ConsoleApplication1\Release\pointer.exe" /INCREMENTAL:NO /NOLOGO kernel32.lib user32.lib gdi32.lib winspool.lib comdlg32.lib advapi32.lib shell32.lib ole32.lib oleaut32.lib uuid.lib odbc32.lib odbccp32.lib /MANIFEST /MANIFESTUAC:"level='asInvoker' uiAccess='false'" /manifest:embed /DEBUG /PDB:"C:\Users\PUG1SZH\Documents\Visual Studio 2015\Projects\ConsoleApplication1\Release\pointer.pdb" /SUBSYSTEM:CONSOLE /OPT:REF /OPT:ICF /LTCG:incremental /TLBID:1 /DYNAMICBASE /NXCOMPAT /IMPLIB:"C:\Users\PUG1SZH\Documents\Visual Studio 2015\Projects\ConsoleApplication1\Release\pointer.lib" /MACHINE:X86 /SAFESEH Release\pointer.obj
         Release\stdafx.obj
         Generating code
         1 of 1 functions (100.0%) were compiled, the rest were copied from previous compilation.
           0 functions were new in current compilation
           0 functions had inline decision re-evaluated but remain unchanged
         Finished generating code
         pointer.vcxproj -> C:\Users\PUG1SZH\Documents\Visual Studio 2015\Projects\ConsoleApplication1\Release\pointer.exe
         pointer.vcxproj -> C:\Users\PUG1SZH\Documents\Visual Studio 2015\Projects\ConsoleApplication1\Release\pointer.pdb (Full PDB)
       FinalizeBuildStatus:
         Deleting file "Release\pointer.tlog\unsuccessfulbuild".
         Touching "Release\pointer.tlog\pointer.lastbuildstate".
     1>Done Building Project "C:\Users\PUG1SZH\Documents\Visual Studio 2015\Projects\ConsoleApplication1\pointer\pointer.vcxproj" (Build target(s)).

Build succeeded.

Time Elapsed 00:00:01.52
