Build started 2/9/2020 2:36:38 PM.
     1>Project "C:\Users\PUG1SZH\Documents\Visual Studio 2015\Projects\ConsoleApplication1\Project_MyPrincess\Project_MyPrincess.vcxproj" on node 2 (Build target(s)).
     1>InitializeBuildStatus:
         Touching "Release\Project_.E843100B.tlog\unsuccessfulbuild".
       ClCompile:
         All outputs are up-to-date.
         C:\Program Files (x86)\Microsoft Visual Studio 14.0\VC\bin\CL.exe /c /Zi /nologo /W3 /WX- /sdl /O2 /Oi /Oy- /GL /D WIN32 /D NDEBUG /D _CONSOLE /D _UNICODE /D UNICODE /Gm- /EHsc /MD /GS /Gy /fp:precise /Zc:wchar_t /Zc:forScope /Zc:inline /Yu"stdafx.h" /Fp"Release\Project_MyPrincess.pch" /Fo"Release\\" /Fd"Release\vc140.pdb" /Gd /TP /analyze- /errorReport:prompt Project_MyPrincess.cpp
         Project_MyPrincess.cpp
       Link:
         C:\Program Files (x86)\Microsoft Visual Studio 14.0\VC\bin\link.exe /ERRORREPORT:PROMPT /OUT:"C:\Users\PUG1SZH\Documents\Visual Studio 2015\Projects\ConsoleApplication1\Release\Project_MyPrincess.exe" /INCREMENTAL:NO /NOLOGO kernel32.lib user32.lib gdi32.lib winspool.lib comdlg32.lib advapi32.lib shell32.lib ole32.lib oleaut32.lib uuid.lib odbc32.lib odbccp32.lib /MANIFEST /MANIFESTUAC:"level='asInvoker' uiAccess='false'" /manifest:embed /DEBUG /PDB:"C:\Users\PUG1SZH\Documents\Visual Studio 2015\Projects\ConsoleApplication1\Release\Project_MyPrincess.pdb" /SUBSYSTEM:CONSOLE /OPT:REF /OPT:ICF /LTCG:incremental /TLBID:1 /DYNAMICBASE /NXCOMPAT /IMPLIB:"C:\Users\PUG1SZH\Documents\Visual Studio 2015\Projects\ConsoleApplication1\Release\Project_MyPrincess.lib" /MACHINE:X86 /SAFESEH Release\Project_MyPrincess.obj
         Release\stdafx.obj
         Generating code
         6 of 117 functions ( 5.1%) were compiled, the rest were copied from previous compilation.
           5 functions were new in current compilation
           7 functions had inline decision re-evaluated but remain unchanged
         Finished generating code
         Project_MyPrincess.vcxproj -> C:\Users\PUG1SZH\Documents\Visual Studio 2015\Projects\ConsoleApplication1\Release\Project_MyPrincess.exe
         Project_MyPrincess.vcxproj -> C:\Users\PUG1SZH\Documents\Visual Studio 2015\Projects\ConsoleApplication1\Release\Project_MyPrincess.pdb (Full PDB)
       FinalizeBuildStatus:
         Deleting file "Release\Project_.E843100B.tlog\unsuccessfulbuild".
         Touching "Release\Project_.E843100B.tlog\Project_MyPrincess.lastbuildstate".
     1>Done Building Project "C:\Users\PUG1SZH\Documents\Visual Studio 2015\Projects\ConsoleApplication1\Project_MyPrincess\Project_MyPrincess.vcxproj" (Build target(s)).

Build succeeded.

Time Elapsed 00:00:01.65
